[    0.000000] Initializing cgroup subsys cpuset
[    0.000000] Initializing cgroup subsys cpu
[    0.000000] Initializing cgroup subsys cpuacct
[    0.000000] Linux version 4.4.0-176-generic (buildd@lgw01-amd64-035) (gcc version 5.4.0 20160609 (Ubuntu 5.4.0-6ubuntu1~16.04.12) ) #206-Ubuntu SMP Fri Feb 28 05:02:04 UTC 2020 (Ubuntu 4.4.0-176.206-generic 4.4.211)
[    0.000000] Command line: BOOT_IMAGE=/boot/vmlinuz-4.4.0-176-generic root=LABEL=cloudimg-rootfs ro console=tty1 console=ttyS0
[    0.000000] KERNEL supported cpus:
[    0.000000]   Intel GenuineIntel
[    0.000000]   AMD AuthenticAMD
[    0.000000]   Centaur CentaurHauls
[    0.000000] x86/fpu: xstate_offset[2]:  576, xstate_sizes[2]:  256
[    0.000000] x86/fpu: Supporting XSAVE feature 0x01: 'x87 floating point registers'
[    0.000000] x86/fpu: Supporting XSAVE feature 0x02: 'SSE registers'
[    0.000000] x86/fpu: Supporting XSAVE feature 0x04: 'AVX registers'
[    0.000000] x86/fpu: Enabled xstate features 0x7, context size is 832 bytes, using 'standard' format.
[    0.000000] e820: BIOS-provided physical RAM map:
[    0.000000] BIOS-e820: [mem 0x0000000000000000-0x000000000009fbff] usable
[    0.000000] BIOS-e820: [mem 0x000000000009fc00-0x000000000009ffff] reserved
[    0.000000] BIOS-e820: [mem 0x00000000000f0000-0x00000000000fffff] reserved
[    0.000000] BIOS-e820: [mem 0x0000000000100000-0x000000003ffeffff] usable
[    0.000000] BIOS-e820: [mem 0x000000003fff0000-0x000000003fffffff] ACPI data
[    0.000000] BIOS-e820: [mem 0x00000000fec00000-0x00000000fec00fff] reserved
[    0.000000] BIOS-e820: [mem 0x00000000fee00000-0x00000000fee00fff] reserved
[    0.000000] BIOS-e820: [mem 0x00000000fffc0000-0x00000000ffffffff] reserved
[    0.000000] NX (Execute Disable) protection: active
[    0.000000] SMBIOS 2.5 present.
[    0.000000] Hypervisor detected: KVM
[    0.000000] e820: last_pfn = 0x3fff0 max_arch_pfn = 0x400000000
[    0.000000] MTRR: Disabled
[    0.000000] x86/PAT: MTRRs disabled, skipping PAT initialization too.
[    0.000000] CPU MTRRs all blank - virtualized system.
[    0.000000] x86/PAT: Configuration [0-7]: WB  WT  UC- UC  WB  WT  UC- UC  
[    0.000000] found SMP MP-table at [mem 0x0009fff0-0x0009ffff] mapped at [ffff88000009fff0]
[    0.000000] Scanning 1 areas for low memory corruption
[    0.000000] RAMDISK: [mem 0x362e0000-0x37167fff]
[    0.000000] ACPI: Early table checksum verification disabled
[    0.000000] ACPI: RSDP 0x00000000000E0000 000024 (v02 VBOX  )
[    0.000000] ACPI: XSDT 0x000000003FFF0030 00003C (v01 VBOX   VBOXXSDT 00000001 ASL  00000061)
[    0.000000] ACPI: FACP 0x000000003FFF00F0 0000F4 (v04 VBOX   VBOXFACP 00000001 ASL  00000061)
[    0.000000] ACPI: DSDT 0x000000003FFF0470 002325 (v02 VBOX   VBOXBIOS 00000002 INTL 20100528)
[    0.000000] ACPI: FACS 0x000000003FFF0200 000040
[    0.000000] ACPI: FACS 0x000000003FFF0200 000040
[    0.000000] ACPI: APIC 0x000000003FFF0240 00005C (v02 VBOX   VBOXAPIC 00000001 ASL  00000061)
[    0.000000] ACPI: SSDT 0x000000003FFF02A0 0001CC (v01 VBOX   VBOXCPUT 00000002 INTL 20100528)
[    0.000000] No NUMA configuration found
[    0.000000] Faking a node at [mem 0x0000000000000000-0x000000003ffeffff]
[    0.000000] NODE_DATA(0) allocated [mem 0x3ffeb000-0x3ffeffff]
[    0.000000] kvm-clock: Using msrs 4b564d01 and 4b564d00
[    0.000000] kvm-clock: cpu 0, msr 0:3ffe3001, primary cpu clock
[    0.000000] kvm-clock: using sched offset of 9336870772 cycles
[    0.000000] clocksource: kvm-clock: mask: 0xffffffffffffffff max_cycles: 0x1cd42e4dffb, max_idle_ns: 881590591483 ns
[    0.000000] Zone ranges:
[    0.000000]   DMA      [mem 0x0000000000001000-0x0000000000ffffff]
[    0.000000]   DMA32    [mem 0x0000000001000000-0x000000003ffeffff]
[    0.000000]   Normal   empty
[    0.000000]   Device   empty
[    0.000000] Movable zone start for each node
[    0.000000] Early memory node ranges
[    0.000000]   node   0: [mem 0x0000000000001000-0x000000000009efff]
[    0.000000]   node   0: [mem 0x0000000000100000-0x000000003ffeffff]
[    0.000000] Initmem setup node 0 [mem 0x0000000000001000-0x000000003ffeffff]
[    0.000000] ACPI: PM-Timer IO Port: 0x4008
[    0.000000] IOAPIC[0]: apic_id 2, version 32, address 0xfec00000, GSI 0-23
[    0.000000] ACPI: INT_SRC_OVR (bus 0 bus_irq 0 global_irq 2 dfl dfl)
[    0.000000] ACPI: INT_SRC_OVR (bus 0 bus_irq 9 global_irq 9 low level)
[    0.000000] Using ACPI (MADT) for SMP configuration information
[    0.000000] smpboot: Allowing 2 CPUs, 0 hotplug CPUs
[    0.000000] PM: Registered nosave memory: [mem 0x00000000-0x00000fff]
[    0.000000] PM: Registered nosave memory: [mem 0x0009f000-0x0009ffff]
[    0.000000] PM: Registered nosave memory: [mem 0x000a0000-0x000effff]
[    0.000000] PM: Registered nosave memory: [mem 0x000f0000-0x000fffff]
[    0.000000] e820: [mem 0x40000000-0xfebfffff] available for PCI devices
[    0.000000] Booting paravirtualized kernel on KVM
[    0.000000] clocksource: refined-jiffies: mask: 0xffffffff max_cycles: 0xffffffff, max_idle_ns: 7645519600211568 ns
[    0.000000] setup_percpu: NR_CPUS:512 nr_cpumask_bits:512 nr_cpu_ids:2 nr_node_ids:1
[    0.000000] PERCPU: Embedded 33 pages/cpu @ffff88003fc00000 s95448 r8192 d31528 u1048576
[    0.000000] Built 1 zonelists in Node order, mobility grouping on.  Total pages: 257912
[    0.000000] Policy zone: DMA32
[    0.000000] Kernel command line: BOOT_IMAGE=/boot/vmlinuz-4.4.0-176-generic root=LABEL=cloudimg-rootfs ro console=tty1 console=ttyS0
[    0.000000] PID hash table entries: 4096 (order: 3, 32768 bytes)
[    0.000000] Memory: 997672K/1048120K available (8626K kernel code, 1336K rwdata, 4032K rodata, 1488K init, 1292K bss, 50448K reserved, 0K cma-reserved)
[    0.000000] SLUB: HWalign=64, Order=0-3, MinObjects=0, CPUs=2, Nodes=1
[    0.000000] Kernel/User page tables isolation: enabled
[    0.000000] Hierarchical RCU implementation.
[    0.000000] 	Build-time adjustment of leaf fanout to 64.
[    0.000000] 	RCU restricting CPUs from NR_CPUS=512 to nr_cpu_ids=2.
[    0.000000] RCU: Adjusting geometry for rcu_fanout_leaf=64, nr_cpu_ids=2
[    0.000000] NR_IRQS:33024 nr_irqs:440 16
[    0.000000] Console: colour VGA+ 80x25
[    0.000000] console [tty1] enabled
[    0.000000] console [ttyS0] enabled
[    0.000000] tsc: Detected 1599.999 MHz processor
[    0.433718] Calibrating delay loop (skipped) preset value.. 3199.99 BogoMIPS (lpj=6399996)
[    0.436736] pid_max: default: 32768 minimum: 301
[    0.438963] ACPI: Core revision 20150930
[    0.446468] ACPI: 2 ACPI AML tables successfully acquired and loaded
[    0.449483] Security Framework initialized
[    0.450764] Yama: becoming mindful.
[    0.452219] AppArmor: AppArmor initialized
[    0.454063] Dentry cache hash table entries: 131072 (order: 8, 1048576 bytes)
[    0.464316] Inode-cache hash table entries: 65536 (order: 7, 524288 bytes)
[    0.467040] Mount-cache hash table entries: 2048 (order: 2, 16384 bytes)
[    0.469730] Mountpoint-cache hash table entries: 2048 (order: 2, 16384 bytes)
[    0.472450] Initializing cgroup subsys io
[    0.480425] Initializing cgroup subsys memory
[    0.482075] Initializing cgroup subsys devices
[    0.483944] Initializing cgroup subsys freezer
[    0.485291] Initializing cgroup subsys net_cls
[    0.486637] Initializing cgroup subsys perf_event
[    0.490050] Initializing cgroup subsys net_prio
[    0.495302] Initializing cgroup subsys hugetlb
[    0.496721] Initializing cgroup subsys pids
[    0.499767] mce: CPU supports 0 MCE banks
[    0.501308] Last level iTLB entries: 4KB 64, 2MB 8, 4MB 8
[    0.503189] Last level dTLB entries: 4KB 64, 2MB 0, 4MB 0, 1GB 4
[    0.505354] Spectre V1 : Mitigation: usercopy/swapgs barriers and __user pointer sanitization
[    0.514568] Spectre V2 : Mitigation: Full generic retpoline
[    0.516503] Spectre V2 : Spectre v2 / SpectreRSB mitigation: Filling RSB on context switch
[    0.519672] Speculative Store Bypass: Vulnerable
[    0.521591] MDS: Mitigation: Clear CPU buffers
[    0.532677] Freeing SMP alternatives memory: 36K
[    0.547819] ftrace: allocating 32305 entries in 127 pages
[    0.656866] smpboot: APIC(0) Converting physical 0 to logical package 0
[    0.664651] smpboot: Max logical packages: 1
[    0.666892] x2apic enabled
[    0.668405] Switched APIC routing to physical x2apic.
[    0.672074] ..TIMER: vector=0x30 apic1=0 pin1=2 apic2=-1 pin2=-1
[    0.788486] smpboot: CPU0: Intel(R) Core(TM) i5-5250U CPU @ 1.60GHz (family: 0x6, model: 0x3d, stepping: 0x4)
[    0.799458] Performance Events: unsupported p6 CPU model 61 no PMU driver, software events only.
[    0.823465] KVM setup paravirtual spinlock
[    0.830630] x86: Booting SMP configuration:
[    0.832059] .... node  #0, CPUs:      #1
[    0.833937] kvm-clock: cpu 1, msr 0:3ffe3041, secondary cpu clock
[    0.845757] mce: CPU supports 0 MCE banks
[    0.848950] x86: Booted up 1 node, 2 CPUs
[    0.851080] smpboot: Total of 2 processors activated (6399.99 BogoMIPS)
[    0.854243] devtmpfs: initialized
[    0.860850] evm: security.selinux
[    0.862614] evm: security.SMACK64
[    0.863888] evm: security.SMACK64EXEC
[    0.865455] evm: security.SMACK64TRANSMUTE
[    0.867205] evm: security.SMACK64MMAP
[    0.868500] evm: security.ima
[    0.871787] evm: security.capability
[    0.878582] clocksource: jiffies: mask: 0xffffffff max_cycles: 0xffffffff, max_idle_ns: 7645041785100000 ns
[    0.882738] futex hash table entries: 512 (order: 3, 32768 bytes)
[    0.885219] pinctrl core: initialized pinctrl subsystem
[    0.887034] RTC time: 15:35:01, date: 03/23/20
[    0.893093] NET: Registered protocol family 16
[    0.906304] cpuidle: using governor ladder
[    0.927858] cpuidle: using governor menu
[    0.930043] PCCT header not found.
[    0.931318] ACPI: bus type PCI registered
[    0.932629] acpiphp: ACPI Hot Plug PCI Controller Driver version: 0.5
[    0.934987] PCI: Using configuration type 1 for base access
[    0.951187] ACPI: Added _OSI(Module Device)
[    0.953692] ACPI: Added _OSI(Processor Device)
[    0.956113] ACPI: Added _OSI(3.0 _SCP Extensions)
[    0.963327] ACPI: Added _OSI(Processor Aggregator Device)
[    0.966747] ACPI: Executed 1 blocks of module-level executable AML code
[    0.973330] ACPI: Interpreter enabled
[    0.978983] ACPI: (supports S0 S5)
[    0.980860] ACPI: Using IOAPIC for interrupt routing
[    0.982639] PCI: Using host bridge windows from ACPI; if necessary, use "pci=nocrs" and report a bug
[    0.995890] ACPI: PCI Root Bridge [PCI0] (domain 0000 [bus 00-ff])
[    0.998300] acpi PNP0A03:00: _OSC: OS supports [ASPM ClockPM Segments MSI]
[    1.001580] acpi PNP0A03:00: _OSC: not requesting OS control; OS requires [ExtendedConfig ASPM ClockPM MSI]
[    1.005101] acpi PNP0A03:00: fail to add MMCONFIG information, can't access extended PCI configuration space under this bridge.
[    1.018196] PCI host bridge to bus 0000:00
[    1.019596] pci_bus 0000:00: root bus resource [io  0x0000-0x0cf7 window]
[    1.022550] pci_bus 0000:00: root bus resource [io  0x0d00-0xffff window]
[    1.029324] pci_bus 0000:00: root bus resource [mem 0x000a0000-0x000bffff window]
[    1.032905] pci_bus 0000:00: root bus resource [mem 0x40000000-0xfdffffff window]
[    1.035910] pci_bus 0000:00: root bus resource [bus 00-ff]
[    1.046078] pci 0000:00:01.1: legacy IDE quirk: reg 0x10: [io  0x01f0-0x01f7]
[    1.048707] pci 0000:00:01.1: legacy IDE quirk: reg 0x14: [io  0x03f6]
[    1.050740] pci 0000:00:01.1: legacy IDE quirk: reg 0x18: [io  0x0170-0x0177]
[    1.053368] pci 0000:00:01.1: legacy IDE quirk: reg 0x1c: [io  0x0376]
[    1.111309] pci 0000:00:07.0: quirk: [io  0x4000-0x403f] claimed by PIIX4 ACPI
[    1.116267] pci 0000:00:07.0: quirk: [io  0x4100-0x410f] claimed by PIIX4 SMB
[    1.146044] ACPI: PCI Interrupt Link [LNKA] (IRQs 5 9 10 *11)
[    1.149408] ACPI: PCI Interrupt Link [LNKB] (IRQs 5 9 *10 11)
[    1.152290] ACPI: PCI Interrupt Link [LNKC] (IRQs 5 *9 10 11)
[    1.154559] ACPI: PCI Interrupt Link [LNKD] (IRQs 5 9 10 *11)
[    1.163098] ACPI: Enabled 2 GPEs in block 00 to 07
[    1.165226] vgaarb: setting as boot device: PCI:0000:00:02.0
[    1.167488] vgaarb: device added: PCI:0000:00:02.0,decodes=io+mem,owns=io+mem,locks=none
[    1.170558] vgaarb: loaded
[    1.171907] vgaarb: bridge control possible 0000:00:02.0
[    1.178773] SCSI subsystem initialized
[    1.181147] ACPI: bus type USB registered
[    1.182508] usbcore: registered new interface driver usbfs
[    1.184640] usbcore: registered new interface driver hub
[    1.186299] usbcore: registered new device driver usb
[    1.189409] PCI: Using ACPI for IRQ routing
[    1.195978] NetLabel: Initializing
[    1.199055] NetLabel:  domain hash size = 128
[    1.200654] NetLabel:  protocols = UNLABELED CIPSOv4
[    1.202396] NetLabel:  unlabeled traffic allowed by default
[    1.204546] amd_nb: Cannot enumerate AMD northbridges
[    1.209684] clocksource: Switched to clocksource kvm-clock
[    1.226170] AppArmor: AppArmor Filesystem Enabled
[    1.231420] pnp: PnP ACPI init
[    1.235712] pnp: PnP ACPI: found 3 devices
[    1.266982] clocksource: acpi_pm: mask: 0xffffff max_cycles: 0xffffff, max_idle_ns: 2085701024 ns
[    1.271377] NET: Registered protocol family 2
[    1.277581] TCP established hash table entries: 8192 (order: 4, 65536 bytes)
[    1.281660] TCP bind hash table entries: 8192 (order: 5, 131072 bytes)
[    1.285474] TCP: Hash tables configured (established 8192 bind 8192)
[    1.289549] UDP hash table entries: 512 (order: 2, 16384 bytes)
[    1.297305] UDP-Lite hash table entries: 512 (order: 2, 16384 bytes)
[    1.301774] NET: Registered protocol family 1
[    1.304574] pci 0000:00:00.0: Limiting direct PCI/PCI transfers
[    1.315254] pci 0000:00:01.0: Activating ISA DMA hang workarounds
[    1.322391] Unpacking initramfs...
[    1.880583] Freeing initrd memory: 14880K
[    1.883567] RAPL PMU detected, API unit is 2^-32 Joules, 4 fixed counters 10737418240 ms ovfl timer
[    1.886869] hw unit of domain pp0-core 2^-0 Joules
[    1.888790] hw unit of domain package 2^-0 Joules
[    1.892984] hw unit of domain dram 2^-0 Joules
[    1.895899] hw unit of domain pp1-gpu 2^-0 Joules
[    1.897613] clocksource: tsc: mask: 0xffffffffffffffff max_cycles: 0x171023f09ff, max_idle_ns: 440795233615 ns
[    1.901303] platform rtc_cmos: registered platform RTC device (no PNP device found)
[    1.904790] Scanning for low memory corruption every 60 seconds
[    1.911567] audit: initializing netlink subsys (disabled)
[    1.913753] audit: type=2000 audit(1584977712.763:1): initialized
[    1.916468] Initialise system trusted keyring
[    1.918818] HugeTLB registered 2 MB page size, pre-allocated 0 pages
[    1.928465] zbud: loaded
[    1.930498] VFS: Disk quotas dquot_6.6.0
[    1.931998] VFS: Dquot-cache hash table entries: 512 (order 0, 4096 bytes)
[    1.935046] squashfs: version 4.0 (2009/01/31) Phillip Lougher
[    1.937492] fuse init (API version 7.23)
[    1.944275] Key type big_key registered
[    1.946351] Allocating IMA MOK and blacklist keyrings.
[    1.952040] Key type asymmetric registered
[    1.953674] Asymmetric key parser 'x509' registered
[    1.956759] Block layer SCSI generic (bsg) driver version 0.4 loaded (major 249)
[    1.963502] io scheduler noop registered
[    1.965055] io scheduler deadline registered (default)
[    1.967043] io scheduler cfq registered
[    1.968475] pci_hotplug: PCI Hot Plug PCI Core version: 0.5
[    1.970638] pciehp: PCI Express Hot Plug Controller Driver version: 0.4
[    1.977462] ACPI: AC Adapter [AC] (on-line)
[    1.979757] input: Power Button as /devices/LNXSYSTM:00/LNXPWRBN:00/input/input0
[    1.982918] ACPI: Power Button [PWRF]
[    1.984213] input: Sleep Button as /devices/LNXSYSTM:00/LNXSLPBN:00/input/input1
[    1.988330] ACPI: Sleep Button [SLPF]
[    1.996664] ACPI: Battery Slot [BAT0] (battery present)
[    1.999163] GHES: HEST is not enabled!
[    2.000832] Serial: 8250/16550 driver, 32 ports, IRQ sharing enabled
[    2.033395] 00:02: ttyS0 at I/O 0x3f8 (irq = 4, base_baud = 115200) is a 16550A
[    2.045367] Linux agpgart interface v0.103
[    2.050510] loop: module loaded
[    2.052853] scsi host0: ata_piix
[    2.058912] scsi host1: ata_piix
[    2.061764] ata1: PATA max UDMA/33 cmd 0x1f0 ctl 0x3f6 bmdma 0xd000 irq 14
[    2.063901] ata2: PATA max UDMA/33 cmd 0x170 ctl 0x376 bmdma 0xd008 irq 15
[    2.066414] libphy: Fixed MDIO Bus: probed
[    2.068335] tun: Universal TUN/TAP device driver, 1.6
[    2.070214] tun: (C) 1999-2004 Max Krasnyansky <maxk@qualcomm.com>
[    2.072721] PPP generic driver version 2.4.2
[    2.080270] ehci_hcd: USB 2.0 'Enhanced' Host Controller (EHCI) Driver
[    2.082636] ehci-pci: EHCI PCI platform driver
[    2.084029] ehci-platform: EHCI generic platform driver
[    2.085898] ohci_hcd: USB 1.1 'Open' Host Controller (OHCI) Driver
[    2.088335] ohci-pci: OHCI PCI platform driver
[    2.094827] ohci-platform: OHCI generic platform driver
[    2.096721] uhci_hcd: USB Universal Host Controller Interface driver
[    2.099210] i8042: PNP: PS/2 Controller [PNP0303:PS2K,PNP0f03:PS2M] at 0x60,0x64 irq 1,12
[    2.103313] serio: i8042 KBD port at 0x60,0x64 irq 1
[    2.105418] serio: i8042 AUX port at 0x60,0x64 irq 12
[    2.111418] mousedev: PS/2 mouse device common for all mice
[    2.116636] rtc_cmos rtc_cmos: rtc core: registered rtc_cmos as rtc0
[    2.119500] rtc_cmos rtc_cmos: alarms up to one day, 114 bytes nvram
[    2.131297] i2c /dev entries driver
[    2.132812] input: AT Translated Set 2 keyboard as /devices/platform/i8042/serio0/input/input2
[    2.136035] device-mapper: uevent: version 1.0.3
[    2.139145] device-mapper: ioctl: 4.34.0-ioctl (2015-10-28) initialised: dm-devel@redhat.com
[    2.146304] ledtrig-cpu: registered to indicate activity on CPUs
[    2.149717] NET: Registered protocol family 10
[    2.151676] NET: Registered protocol family 17
[    2.153340] Key type dns_resolver registered
[    2.165978] registered taskstats version 1
[    2.169592] Loading compiled-in X.509 certificates
[    2.176025] Loaded X.509 cert 'Build time autogenerated kernel key: c2b7431ed9258328a3a0cf301f850647788d8e61'
[    2.180651] zswap: loaded using pool lzo/zbud
[    2.185357] Key type trusted registered
[    2.198085] Key type encrypted registered
[    2.200171] AppArmor: AppArmor sha1 policy hashing enabled
[    2.201959] ima: No TPM chip found, activating TPM-bypass!
[    2.203659] ima: Allocated hash algorithm: sha1
[    2.205287] evm: HMAC attrs: 0x1
[    2.212688]   Magic number: 12:330:589
[    2.217552] rtc_cmos rtc_cmos: setting system clock to 2020-03-23 15:35:02 UTC (1584977702)
[    2.222676] BIOS EDD facility v0.16 2004-Jun-25, 0 devices found
[    2.225809] EDD information not available.
[    2.257507] Freeing unused kernel memory: 1488K
[    2.470588] Write protecting the kernel read-only data: 14336k
[    2.477889] Freeing unused kernel memory: 1604K
[    2.480585] Freeing unused kernel memory: 64K
Loading, please wait...
starting version 229
[    2.512057] random: systemd-udevd: uninitialized urandom read (16 bytes read, 5 bits of entropy available)
[    2.514748] random: udevadm: uninitialized urandom read (16 bytes read, 5 bits of entropy available)
[    2.514882] random: udevadm: uninitialized urandom read (16 bytes read, 5 bits of entropy available)
[    2.529706] random: systemd-udevd: uninitialized urandom read (16 bytes read, 5 bits of entropy available)
[    2.534010] random: systemd-udevd: uninitialized urandom read (16 bytes read, 5 bits of entropy available)
[    2.538688] random: systemd-udevd: uninitialized urandom read (16 bytes read, 5 bits of entropy available)
[    2.547401] random: udevadm: uninitialized urandom read (16 bytes read, 5 bits of entropy available)
[    2.548259] random: systemd-udevd: uninitialized urandom read (16 bytes read, 5 bits of entropy available)
[    2.548279] random: systemd-udevd: uninitialized urandom read (16 bytes read, 5 bits of entropy available)
[    2.548286] random: systemd-udevd: uninitialized urandom read (16 bytes read, 5 bits of entropy available)
[    2.746985] e1000: Intel(R) PRO/1000 Network Driver - version 7.3.21-k8-NAPI
[    2.759043] e1000: Copyright (c) 1999-2006 Intel Corporation.
[    2.804625] Fusion MPT base driver 3.04.20
[    2.808957] Copyright (c) 1999-2008 LSI Corporation
[    2.873512] AVX2 version of gcm_enc/dec engaged.
[    2.876289] AES CTR mode by8 optimization enabled
[    2.878678] Fusion MPT SPI Host driver 3.04.20
[    3.035710] input: ImExPS/2 Generic Explorer Mouse as /devices/platform/i8042/serio1/input/input4
[    3.343890] e1000 0000:00:03.0 eth0: (PCI:33MHz:32-bit) 02:90:e9:96:cf:60
[    3.346820] e1000 0000:00:03.0 eth0: Intel(R) PRO/1000 Network Connection
[    3.350596] mptbase: ioc0: Initiating bringup
[    3.414686] ioc0: LSI53C1030 A0: Capabilities={Initiator}
[    3.581468] scsi host2: ioc0: LSI53C1030 A0, FwRev=00000000h, Ports=1, MaxQ=256, IRQ=20
[    3.694820] scsi 2:0:0:0: Direct-Access     VBOX     HARDDISK         1.0  PQ: 0 ANSI: 5
[    3.699400] scsi target2:0:0: Beginning Domain Validation
[    3.704226] scsi target2:0:0: Domain Validation skipping write tests
[    3.706902] scsi target2:0:0: Ending Domain Validation
[    3.709001] scsi target2:0:0: asynchronous
[    3.711624] scsi 2:0:1:0: Direct-Access     VBOX     HARDDISK         1.0  PQ: 0 ANSI: 5
[    3.728629] scsi target2:0:1: Beginning Domain Validation
[    3.735122] scsi target2:0:1: Domain Validation skipping write tests
[    3.737269] scsi target2:0:1: Ending Domain Validation
[    3.740584] scsi target2:0:1: asynchronous
[    3.803087] sd 2:0:0:0: Attached scsi generic sg0 type 0
[    3.805777] sd 2:0:1:0: Attached scsi generic sg1 type 0
[    3.815559] sd 2:0:1:0: [sdb] 20480 512-byte logical blocks: (10.5 MB/10.0 MiB)
[    3.818907] sd 2:0:0:0: [sda] 20971520 512-byte logical blocks: (10.7 GB/10.0 GiB)
[    3.828760] sd 2:0:1:0: [sdb] Write Protect is off
[    3.832155] sd 2:0:0:0: [sda] Write Protect is off
[    3.834910] sd 2:0:1:0: [sdb] Incomplete mode parameter data
[    3.837544] sd 2:0:1:0: [sdb] Assuming drive cache: write through
[    3.844938] sd 2:0:0:0: [sda] Incomplete mode parameter data
[    3.849891] sd 2:0:0:0: [sda] Assuming drive cache: write through
[    3.856752]  sda: sda1
[    3.870226] sd 2:0:0:0: [sda] Attached SCSI disk
[    3.882871] sd 2:0:1:0: [sdb] Attached SCSI disk
[    4.346515] e1000 0000:00:08.0 eth1: (PCI:33MHz:32-bit) 08:00:27:c8:24:ac
[    4.349288] e1000 0000:00:08.0 eth1: Intel(R) PRO/1000 Network Connection
[    4.352883] e1000 0000:00:03.0 enp0s3: renamed from eth0
[    4.367566] e1000 0000:00:08.0 enp0s8: renamed from eth1
Begin: Loading essential drivers ... [    5.936596] md: linear personality registered for level -1
[    5.948843] md: multipath personality registered for level -4
[    5.955612] md: raid0 personality registered for level 0
[    5.970216] md: raid1 personality registered for level 1
[    6.050026] raid6: sse2x1   gen()  4292 MB/s
[    6.117768] raid6: sse2x1   xor()  3422 MB/s
[    6.185886] raid6: sse2x2   gen()  5822 MB/s
[    6.254146] raid6: sse2x2   xor()  4146 MB/s
[    6.321772] raid6: sse2x4   gen()  8704 MB/s
[    6.390058] raid6: sse2x4   xor()  5478 MB/s
[    6.457884] raid6: avx2x1   gen()  2915 MB/s
[    6.529806] raid6: avx2x2   gen()  5750 MB/s
[    6.597969] raid6: avx2x4   gen() 14254 MB/s
[    6.599695] raid6: using algorithm avx2x4 gen() 14254 MB/s
[    6.601686] raid6: using avx2x2 recovery algorithm
[    6.605584] xor: automatically using best checksumming function:
[    6.645959]    avx       : 21406.000 MB/sec
[    6.649349] async_tx: api initialized (async)
[    6.671658] md: raid6 personality registered for level 6
[    6.676875] md: raid5 personality registered for level 5
[    6.679260] md: raid4 personality registered for level 4
[    6.698405] md: raid10 personality registered for level 10
done.
Begin: Running /scripts/init-premount ... done.
Begin: Mounting root file system ... Begin: Running /scripts/local-top ... done.
Begin: Running /scripts/local-premount ... [    6.791048] Btrfs loaded
Scanning for Btrfs filesystems
done.
Warning: fsck not present, so skipping root file system
[    6.948772] EXT4-fs (sda1): mounted filesystem with ordered data mode. Opts: (null)
done.
Begin: Running /scripts/local-bottom ... done.
Begin: Running /scripts/init-bottom ... done.
[    7.467232] systemd[1]: systemd 229 running in system mode. (+PAM +AUDIT +SELINUX +IMA +APPARMOR +SMACK +SYSVINIT +UTMP +LIBCRYPTSETUP +GCRYPT +GNUTLS +ACL +XZ -LZ4 +SECCOMP +BLKID +ELFUTILS +KMOD -IDN)
[    7.475363] systemd[1]: Detected virtualization oracle.
[    7.478686] systemd[1]: Detected architecture x86-64.

Welcome to [1mUbuntu 16.04.6 LTS[0m!

[    7.490119] systemd[1]: Set hostname to <ubuntu>.
[    7.508369] systemd[1]: Initializing machine ID from random generator.
[    7.510607] systemd[1]: Installed transient /etc/machine-id file.
[    8.599409] systemd[1]: Listening on Journal Socket.
[[0;32m  OK  [0m] Listening on Journal Socket.
[    8.603417] systemd[1]: Listening on Journal Socket (/dev/log).
[[0;32m  OK  [0m] Listening on Journal Socket (/dev/log).
[    8.634247] systemd[1]: Listening on Syslog Socket.
[[0;32m  OK  [0m] Listening on Syslog Socket.
[    8.637979] systemd[1]: Listening on LVM2 metadata daemon socket.
[[0;32m  OK  [0m] Listening on LVM2 metadata daemon socket.
[    8.642517] systemd[1]: Listening on /dev/initctl Compatibility Named Pipe.
[[0;32m  OK  [0m] Listening on /dev/initctl Compatibility Named Pipe.
[    8.646985] systemd[1]: Listening on udev Kernel Socket.
[[0;32m  OK  [0m] Listening on udev Kernel Socket.
[    8.651896] systemd[1]: Listening on Device-mapper event daemon FIFOs.
[[0;32m  OK  [0m] Listening on Device-mapper event daemon FIFOs.
[    8.657174] systemd[1]: Started Trigger resolvconf update for networkd DNS.
[[0;32m  OK  [0m] Started Trigger resolvconf update for networkd DNS.
[    8.664188] systemd[1]: Started Forward Password Requests to Wall Directory Watch.
[[0;32m  OK  [0m] Started Forward Password Requests to Wall Directory Watch.
[    8.669108] systemd[1]: Listening on udev Control Socket.
[[0;32m  OK  [0m] Listening on udev Control Socket.
[    8.672540] systemd[1]: Reached target User and Group Name Lookups.
[[0;32m  OK  [0m] Reached target User and Group Name Lookups.
[    8.678834] systemd[1]: Reached target Encrypted Volumes.
[[0;32m  OK  [0m] Reached target Encrypted Volumes.
[    8.682147] systemd[1]: Listening on Journal Audit Socket.
[[0;32m  OK  [0m] Listening on Journal Audit Socket.
[    8.685861] systemd[1]: Set up automount Arbitrary Executable File Formats File System Automount Point.
[[0;32m  OK  [0m] Set up automount Arbitrary Executab...ats File System Automount Point.
[    8.692026] systemd[1]: Listening on LVM2 poll daemon socket.
[[0;32m  OK  [0m] Listening on LVM2 poll daemon socket.
[    8.695885] systemd[1]: Created slice User and Session Slice.
[[0;32m  OK  [0m] Created slice User and Session Slice.
[    8.699888] systemd[1]: Reached target Swap.
[[0;32m  OK  [0m] Reached target Swap.
[    8.704440] systemd[1]: Created slice System Slice.
[[0;32m  OK  [0m] Created slice System Slice.
[    8.911161] systemd[1]: Mounting Huge Pages File System...
         Mounting Huge Pages File System...
[    8.930929] systemd[1]: Mounting POSIX Message Queue File System...
         Mounting POSIX Message Queue File System...
[    8.947267] systemd[1]: Starting Remount Root and Kernel File Systems...
[    8.951868] random: nonblocking pool is initialized
         Starting Remount Root and Kernel File Systems...
[    8.967534] EXT4-fs (sda1): re-mounted. Opts: (null)
[    8.982548] systemd[1]: Starting Monitoring of LVM2 mirrors, snapshots etc. using dmeventd or progress polling...
         Starting Monitoring of LVM2 mirrors... dmeventd or progress polling...
[    9.001712] systemd[1]: Created slice system-serial\x2dgetty.slice.
[[0;32m  OK  [0m] Created slice system-serial\x2dgetty.slice.
[    9.017224] systemd[1]: Starting Uncomplicated firewall...
         Starting Uncomplicated firewall...
[    9.029501] systemd[1]: Starting Set console keymap...
         Starting Set console keymap...
[    9.062714] systemd[1]: Starting Create list of required static device nodes for the current kernel...
         Starting Create list of required st... nodes for the current kernel...
[    9.074420] systemd[1]: Starting Nameserver information manager...
         Starting Nameserver information manager...
[    9.087074] systemd[1]: Starting Journal Service...
         Starting Journal Service...
[    9.097213] systemd[1]: Mounting Debug File System...
         Mounting Debug File System...
[    9.105929] systemd[1]: Starting Load Kernel Modules...
         Starting Load Kernel Modules...
[    9.129015] systemd[1]: Reached target Slices.
[[0;32m  OK  [0m] Reached target Slices.
[    9.148139] systemd[1]: Reached target System Time Synchronized.
[[0;32m  OK  [0m] Reached target System Time Synchronized.
[    9.171880] systemd[1]: Mounted POSIX Message Queue File System.
[    9.179702] Loading iSCSI transport class v2.0-870.
[[0;32m  OK  [0m] Mounted POSIX Message Queue File System.
[    9.195384] systemd[1]: Mounted Huge Pages File System.
[[0;32m  OK  [0m] Mounted Huge Pages File System.
[    9.214077] systemd[1]: Mounted Debug File System.
[[0;32m  OK  [0m] Mounted Debug File System.
[    9.224773] systemd[1]: Started Journal Service.

    9.230817] iscsi: registered transport (tcp)
[[0;32m  OK  [0m] Started Journal Service.
[[0;32m  OK  [0m] Started Remount Root and Kernel File Systems.
[[0;32m  OK  [0m] Started Uncomplicated firewall.
[[0;32m  OK  [0m] Started Set console keymap.
[[0;32m  OK  [0m] Started Create list of required sta...ce nodes for the current kernel.
[[0;32m  OK  [0m] Started LVM2 metadata daemon.
         Starting Create Static Device Nodes in /dev...
         Starting udev Coldplug all Devices...
         Starting Load/Save Random Seed...
         Starting Flush Journal to Persistent Storage...
[[0;32m  OK  [0m] Started Nameserver information manager.
[[0;32m  OK  [0m] Started Load/Save Random Seed.
[    9.350828] systemd-journald[393]: Received request to flush runtime journal from PID 1
[    9.363678] iscsi: registered transport (iser)
[[0;32m  OK  [0m] Started Flush Journal to Persistent Storage.
[[0;32m  OK  [0m] Started Load Kernel Modules.
         Starting Apply Kernel Variables...
         Mounting FUSE Control File System...
[[0;32m  OK  [0m] Mounted FUSE Control File System.
[[0;32m  OK  [0m] Started Create Static Device Nodes in /dev.
         Starting udev Kernel Device Manager...
[[0;32m  OK  [0m] Started Apply Kernel Variables.
[[0;32m  OK  [0m] Started udev Coldplug all Devices.
[[0;32m  OK  [0m] Started Monitoring of LVM2 mirrors,...ng dmeventd or progress polling.
[[0;32m  OK  [0m] Reached target Local File Systems (Pre).
[[0;32m  OK  [0m] Reached target Local File Systems.
         Starting Tell Plymouth To Write Out Runtime Data...
         Starting Initial cloud-init job (pre-networking)...
         Starting Commit a transient machine-id on disk...
         Starting Create Volatile Files and Directories...
         Starting LSB: AppArmor initialization...
         Starting Set console font and keymap...
[[0;32m  OK  [0m] Started Tell Plymouth To Write Out Runtime Data.
[[0;32m  OK  [0m] Started Commit a transient machine-id on disk.
[[0;32m  OK  [0m] Started Create Volatile Files and Directories.
         Starting Update UTMP about System Boot/Shutdown...
[[0;32m  OK  [0m] Started Update UTMP about System Boot/Shutdown.
[[0;32m  OK  [0m] Started udev Kernel Device Manager.
[[0;32m  OK  [0m] Started Dispatch Password Requests to Console Directory Watch.
[[0;32m  OK  [0m] Found device /dev/ttyS0.
[[0;32m  OK  [0m] Listening on Load/Save RF Kill Switch Status /dev/rfkill Watch.
[[0;32m  OK  [0m] Started Set console font and keymap.
[[0;32m  OK  [0m] Created slice system-getty.slice.
[[0;32m  OK  [0m] Started LSB: AppArmor initialization.
[   13.414607] cloud-init[468]: Cloud-init v. 19.4-33-gbb4131a2-0ubuntu1~16.04.1 running 'init-local' at Mon, 23 Mar 2020 15:35:13 +0000. Up 12.56 seconds.
[[0;32m  OK  [0m] Started Initial cloud-init job (pre-networking).
[[0;32m  OK  [0m] Reached target Network (Pre).
         Starting Raise network interfaces...
[[0;32m  OK  [0m] Started Raise network interfaces.
         Starting Initial cloud-init job (metadata service crawler)...
[[0;32m  OK  [0m] Reached target Network.
[   16.200566] cloud-init[943]: Cloud-init v. 19.4-33-gbb4131a2-0ubuntu1~16.04.1 running 'init' at Mon, 23 Mar 2020 15:35:15 +0000. Up 14.44 seconds.
[   16.204622] cloud-init[943]: ci-info: ++++++++++++++++++++++++++++++++++++++Net device info+++++++++++++++++++++++++++++++++++++++
[   16.227982] cloud-init[943]: ci-info: +--------+-------+----------------------------+---------------+--------+-------------------+
[   16.233665] cloud-init[943]: ci-info: | Device |   Up  |          Address           |      Mask     | Scope  |     Hw-Address    |
[   16.236839] cloud-init[943]: ci-info: +--------+-------+----------------------------+---------------+--------+-------------------+
[   16.245307] cloud-init[943]: ci-info: | enp0s3 |  True |         10.0.2.15          | 255.255.255.0 | global | 02:90:e9:96:cf:60 |
[   16.248843] cloud-init[943]: ci-info: | enp0s3 |  True | fe80::90:e9ff:fe96:cf60/64 |       .       |  link  | 02:90:e9:96:cf:60 |
[   16.252804] cloud-init[943]: ci-info: | enp0s8 | False |             .              |       .       |   .    | 08:00:27:c8:24:ac |
[   16.261173] cloud-init[943]: ci-info: |   lo   |  True |         127.0.0.1          |   255.0.0.0   |  host  |         .         |
[   16.265024] cloud-init[943]: ci-info: |   lo   |  True |          ::1/128           |       .       |  host  |         .         |
[   16.268471] cloud-init[943]: ci-info: +--------+-------+----------------------------+---------------+--------+-------------------+
[   16.274653] cloud-init[943]: ci-info: +++++++++++++++++++++++++++Route IPv4 info++++++++++++++++++++++++++++
[   16.279341] cloud-init[943]: ci-info: +-------+-------------+----------+---------------+-----------+-------+
[   16.281772] cloud-init[943]: ci-info: | Route | Destination | Gateway  |    Genmask    | Interface | Flags |
[   16.284974] cloud-init[943]: ci-info: +-------+-------------+----------+---------------+-----------+-------+
[   16.292692] cloud-init[943]: ci-info: |   0   |   0.0.0.0   | 10.0.2.2 |    0.0.0.0    |   enp0s3  |   UG  |
[   16.296858] cloud-init[943]: ci-info: |   1   |   10.0.2.0  | 0.0.0.0  | 255.255.255.0 |   enp0s3  |   U   |
[   16.299547] cloud-init[943]: ci-info: +-------+-------------+----------+---------------+-----------+-------+
[   16.302192] cloud-init[943]: ci-info: +++++++++++++++++++Route IPv6 info+++++++++++++++++++
[   16.310210] cloud-init[943]: ci-info: +-------+-------------+---------+-----------+-------+
[   16.314770] cloud-init[943]: ci-info: | Route | Destination | Gateway | Interface | Flags |
[   16.317513] cloud-init[943]: ci-info: +-------+-------------+---------+-----------+-------+
[   16.319490] cloud-init[943]: ci-info: |   0   |  fe80::/64  |    ::   |   enp0s3  |   U   |
[   16.326232] cloud-init[943]: ci-info: |   3   |   ff00::/8  |    ::   |   enp0s3  |   U   |
[   16.329440] cloud-init[943]: ci-info: +-------+-------------+---------+-----------+-------+
[   16.331587] cloud-init[943]: Generating public/private rsa key pair.
[   16.341631] cloud-init[943]: Your identification has been saved in /etc/ssh/ssh_host_rsa_key.
[   16.346548] cloud-init[943]: Your public key has been saved in /etc/ssh/ssh_host_rsa_key.pub.
[   16.349232] cloud-init[943]: The key fingerprint is:
[   16.350744] cloud-init[943]: SHA256:fzEajnJMAVQaUBtO4cgHAwAY1DfTyZ8p5MFpDWMmviQ root@ubuntu-xenial
[   16.355895] cloud-init[943]: The key's randomart image is:
[   16.360923] cloud-init[943]: +---[RSA 2048]----+
[   16.362766] cloud-init[943]: |B+o.+=%B*        |
[   16.365320] cloud-init[943]: |.  o.@+/..       |
[   16.367053] cloud-init[943]: |   E+o% + o      |
[   16.369799] cloud-init[943]: |    o..o =       |
[   16.375117] cloud-init[943]: |     .  S . o    |
[   16.378940] cloud-init[943]: |       o + o o   |
[   16.391771] cloud-init[943]: |      . + + .    |
[   16.400810] cloud-init[943]: |       o   .     |
[   16.412399] cloud-init[943]: |                 |
[   16.412558] cloud-init[943]: +----[SHA256]-----+
[   16.412967] cloud-init[943]: Generating public/private dsa key pair.
[   16.413953] cloud-init[943]: Your identification has been saved in /etc/ssh/ssh_host_dsa_key.
[   16.414095] cloud-init[943]: Your public key has been saved in /etc/ssh/ssh_host_dsa_key.pub.
[   16.414189] cloud-init[943]: The key fingerprint is:
[   16.414292] cloud-init[943]: SHA256:pZRQdSMJXTXXG7QOMPZn/k9MRly3WFORLj3UYLYXPuA root@ubuntu-xenial
[   16.414473] cloud-init[943]: The key's randomart image is:
[   16.414569] cloud-init[943]: +---[DSA 1024]----+
[   16.414815] cloud-init[943]: |      ..o+o*+oBB@|
[   16.415156] cloud-init[943]: |       . .+o=+=OX|
[   16.415275] cloud-init[943]: |        o .  E=B*|
[   16.415414] cloud-init[943]: |       . o   .*B.|
[   16.415517] cloud-init[943]: |        S     .o+|
[   16.415621] cloud-init[943]: |               +.|
[   16.415726] cloud-init[943]: |                +|
[   16.415833] cloud-init[943]: |               ..|
[   16.415942] cloud-init[943]: |                .|
[[0;32m  OK  [0m] Started Initial cloud-init job (metadata service crawler).
[[0;32m  OK  [0m] Reached target System Initialization.
[[0;32m  OK  [0m] Listening on D-Bus System Message Bus Socket.
[[0;32m  OK  [0m] Listening on ACPID Listen Socket.
[   16.416547] cloud-init[943]: +----[SHA256]-----+
[   16.460292] cloud-init[943]: Generating public/private ecdsa key pair.
[   16.462104] cloud-init[943]: Your identification has been saved in /etc/ssh/ssh_host_ecdsa_key.
[[0;32m  OK  [0m] Started ACPI Events Check.
[[0;32m  OK  [0m] Reached target Paths.
[[0;32m  OK  [0m] Listening on UUID daemon activation socket.
[   16.473470] cloud-init[943]: Your public key has been saved in /etc/ssh/ssh_host_ecdsa_key.pub.
[   16.496876] cloud-init[943]: The key fingerprint is:
[   16.504898] cloud-init[943]: SHA256:VWeGFWQplRX87Tzfr+XbuYxCMjl3bYHy5YfwDzuDN6M root@ubuntu-xenial
         Starting LXD - unix socket.
[[0;32m  OK  [0m] Started Message of the Day.
[[0;32m  OK  [0m] Started Daily apt download activities.
[[0;32m  OK  [0m] Started Daily apt upgrade and clean activities.
         Starting Socket activation for snappy daemon.
[   16.513928] [cloud-init[0;32m  OK  [0m[943]: ] The key's randomart image is:Started Daily Cleanup of Temporary Directories.

[   16.533378] [cloud-init[0;32m  OK  [0m[943]: ] +---[ECDSA 256]---+Reached target Timers.

[   16.534396] [cloud-init[0;32m  OK  [0m[943]: ] |            .=@*o|Reached target Network is Online.

         Starting iSCSI initiator daemon (iscsid)...
[   16.553023] cloud-init[943]: |           .o=o. |
[[0;32m  OK  [0m] Reached target Cloud-config availability.
[[0;32m  OK  [0m] Listening on LXD - unix socket.
[[0;32m  OK  [0m] Listening on Socket activation for snappy daemon.
[[0;32m  OK  [0m] Reached target Sockets.
[   16.559015] [cloud-init[0;32m  OK  [0m[943]: ] |          .  .. o|Reached target Basic System.

[   16.585643] cloud-init[943]: |         . ... oo|
         Starting System Logging Service...
[   16.586832] cloud-init         Starting LSB: MD monitoring daemon...
         Starting Login Service...
         Starting Accounts Service...
[943]: |        S . oo++.|
[   16.610876] [cloud-init[0;32m  OK  [0m[943]: ] |         = o o+=+|Started D-Bus System Message Bus.

[   16.615562] cloud-init[943]: |          * ...+*|
[   16.637294] cloud-init[943]: |           .. Xo*|
[   16.649238] cloud-init[943]: |            E+.@B|
[   16.650748] cloud-init[943]: +----[SHA256]-----+
[   16.659713] cloud-init[943]: Generating public/private ed25519 key pair.
[   16.666861] cloud-init[943]: Your identification has been saved in /etc/ssh/ssh_host_ed25519_key.
[   16.670053] cloud-init[943]: Your public key has been saved in /etc/ssh/ssh_host_ed25519_key.pub.
[   16.676647] cloud-init[943]: The key fingerprint is:
[   16.680794] cloud-init[943]: SHA256:gWgbTFEWyzT/h27Y8jCy0E3mtruzrRYJsVMiuH/ZJeU root@ubuntu-xenial
[   16.698250] cloud-init[943]: The key's randomart image is:
[   16.701886] cloud-init[943]: +--[ED25519 256]--+
[   16.711581] cloud-init[943]: |   .oo*.         |
[   16.729800] cloud-init[943]: |  .o.=o=. .      |
[   16.734038] cloud-init[943]: |   .=.+=oo       |
[   16.741285] cloud-init[943]: |  .. o+ .oE.     |
[   16.745199] cloud-init[943]: |   ..  =S+o .    |
[   16.746875] cloud-init[943]: |    ..o=++ .     |
[   16.749871] cloud-init[943]: |    ..o O.+      |
[   16.752700] cloud-init[943]: |     . +oO       |
[   16.756313] cloud-init[943]: |      ..**o      |
[   16.760888] cloud-init[943]: +----[SHA256]-----+
         Starting /etc/rc.local Compatibility...
         Starting LXD - container startup/shutdown...
         Starting Virtualbox guest utils...
         Starting Pollinate to seed the pseudo random number generator...
[[0;32m  OK  [0m] Started Regular background program processing daemon.
[[0;32m  OK  [0m] Started FUSE filesystem for LXC.
[[0;32m  OK  [0m] Started Deferred execution scheduler.
         Starting LSB: Record successful boot for GRUB...
         Starting Snappy daemon...
[[0;32m  OK  [0m] Started ACPI event daemon.
[[0;32m  OK  [0m] Started System Logging Service.
[[0;32m  OK  [0m] Started /etc/rc.local Compatibility.
[[0;32m  OK  [0m] Started iSCSI initiator daemon (iscsid).
[[0;32m  OK  [0m] Started Login Service.
[[0;32m  OK  [0m] Started Unattended Upgrades Shutdown.
         Starting Authenticate and Authorize Users to Run Privileged Tasks...
         Starting Login to default iSCSI targets...
[[0;32m  OK  [0m] Started LSB: MD monitoring daemon.
[[0;32m  OK  [0m] Started LSB: Record successful boot for GRUB.
[[0;32m  OK  [0m] Started Authenticate and Authorize Users to Run Privileged Tasks.
[[0;32m  OK  [0m] Started Login to default iSCSI targets.
[[0;32m  OK  [0m] Started Accounts Service.
[[0;32m  OK  [0m] Reached target Remote File Systems (Pre).
[[0;32m  OK  [0m] Reached target Remote File Systems.
         Starting LSB: daemon to balance interrupts for SMP systems...
         Starting Permit User Sessions...
         Starting LSB: Set the CPU Frequency Scaling governor to "ondemand"...
         Starting LSB: automatic crash report generation...
[[0;32m  OK  [0m] Started Permit User Sessions.
         Starting Hold until boot process finishes up...
         Starting Terminate Plymouth Boot Screen...
[[0;32m  OK  [0m] Started Terminate Plymouth Boot Screen.
[[0;32m  OK  [0m] Started Hold until boot process finishes up.
         Starting Set console scheme...
[[0;32m  OK  [0m] Started Serial Getty on ttyS0.
[[0;32m  OK  [0m] Started Getty on tty1.
[[0;32m  OK  [0m] Reached target Login Prompts.
[[0;32m  OK  [0m] Started Set console scheme.
[[0;32m  OK  [0m] Started LSB: Set the CPU Frequency Scaling governor to "ondemand".
[[0;32m  OK  [0m] Started Virtualbox guest utils.
[[0;32m  OK  [0m] Started LSB: automatic crash report generation.
[[0;32m  OK  [0m] Started LSB: daemon to balance interrupts for SMP systems.
[[0;32m  OK  [0m] Started LXD - container startup/shutdown.
[[0;32m  OK  [0m] Started Snappy daemon.
         Starting Wait until snapd is fully seeded...
[[0;32m  OK  [0m] Started Pollinate to seed the pseudo random number generator.
         Starting OpenBSD Secure Shell server...
[[0;32m  OK  [0m] Started OpenBSD Secure Shell server.
[[0;32m  OK  [0m] Started Wait until snapd is fully seeded.
[[0;32m  OK  [0m] Reached target Multi-User System.
[[0;32m  OK  [0m] Reached target Graphical Interface.
         Starting Update UTMP about System Runlevel Changes...
         Starting Apply the settings specified in cloud-config...
[[0;32m  OK  [0m] Started Update UTMP about System Runlevel Changes.
[   21.069769] cloud-init[1308]: Generating locales (this might take a while)...
[[0;32m  OK  [0m] Created slice User Slice of vagrant.
[[0;32m  OK  [0m] Started Session 1 of user vagrant.
         Starting User Manager for UID 1000...
[[0;32m  OK  [0m] Started User Manager for UID 1000.
[   23.239850] cloud-init[1308]:   en_US.UTF-8... done
[   23.244327] cloud-init[1308]: Generation complete.

Ubuntu 16.04.6 LTS ubuntu-xenial ttyS0

ubuntu-xenial login: [   24.688309] cloud-init[1308]: Cloud-init v. 19.4-33-gbb4131a2-0ubuntu1~16.04.1 running 'modules:config' at Mon, 23 Mar 2020 15:35:21 +0000. Up 20.78 seconds.
ci-info: no authorized SSH keys fingerprints found for user ubuntu.
<14>Mar 23 15:35:27 ec2: 
<14>Mar 23 15:35:27 ec2: #############################################################
<14>Mar 23 15:35:27 ec2: -----BEGIN SSH HOST KEY FINGERPRINTS-----
<14>Mar 23 15:35:27 ec2: 1024 SHA256:pZRQdSMJXTXXG7QOMPZn/k9MRly3WFORLj3UYLYXPuA root@ubuntu-xenial (DSA)
<14>Mar 23 15:35:27 ec2: 256 SHA256:VWeGFWQplRX87Tzfr+XbuYxCMjl3bYHy5YfwDzuDN6M root@ubuntu-xenial (ECDSA)
<14>Mar 23 15:35:27 ec2: 256 SHA256:gWgbTFEWyzT/h27Y8jCy0E3mtruzrRYJsVMiuH/ZJeU root@ubuntu-xenial (ED25519)
<14>Mar 23 15:35:27 ec2: 2048 SHA256:fzEajnJMAVQaUBtO4cgHAwAY1DfTyZ8p5MFpDWMmviQ root@ubuntu-xenial (RSA)
<14>Mar 23 15:35:27 ec2: -----END SSH HOST KEY FINGERPRINTS-----
<14>Mar 23 15:35:27 ec2: #############################################################
-----BEGIN SSH HOST KEY KEYS-----
ecdsa-sha2-nistp256 AAAAE2VjZHNhLXNoYTItbmlzdHAyNTYAAAAIbmlzdHAyNTYAAABBBIStvGSSLtRvwyc2VE0VtvdYrrGq7Gr91T65yigT/2S7P0TCU44zHbM4J32vLpXRCuzL0pg7kMszQbX9nNMvkBo= root@ubuntu-xenial
ssh-ed25519 AAAAC3NzaC1lZDI1NTE5AAAAIN97n5MsUvSJj2OyLvcvkxrgnxM793k7pTgNg03zr2do root@ubuntu-xenial
ssh-rsa AAAAB3NzaC1yc2EAAAADAQABAAABAQDde2fHF4buDkU19Hj816Wev/21uukvv981J7cwaxa0w8XDHa3D0X+KufHGWbogysYpG8baQhfqBBxsAQgPw1Z41jA0CFw+JhhmzeCvQe55oAWtleHkps6NrUW57GWD8FZGbDSbgpgb+xS1oUUmOiVatyqX8wUe3dUpnKM6X8kQ8X3IoorEGpqO/X/wyHyvxisoOLPfmDJp+iA3k+sXacFK7rw1Rsq/jBVXoNrpqGUSKxOVwzMX+tIstbX1aGWAOAqrYtKapZBE5diebt4+9K2PXsF5JDZGcW2M5IuYt+MayrHWDhaBKDaDM4g6fEKqvDPQ5461Gyq+5bDczdzR41qX root@ubuntu-xenial
-----END SSH HOST KEY KEYS-----
[   26.585125] cloud-init[1462]: Cloud-init v. 19.4-33-gbb4131a2-0ubuntu1~16.04.1 running 'modules:final' at Mon, 23 Mar 2020 15:35:26 +0000. Up 25.86 seconds.
[   26.586964] cloud-init[1462]: ci-info: no authorized SSH keys fingerprints found for user ubuntu.
[   26.588471] cloud-init[1462]: Cloud-init v. 19.4-33-gbb4131a2-0ubuntu1~16.04.1 finished at Mon, 23 Mar 2020 15:35:27 +0000. Datasource DataSourceNoCloud [seed=/dev/sdb][dsmode=net].  Up 26.53 seconds
